<?xml version="1.0" encoding="UTF-8"?>
<!-- Generated by org.testng.reporters.JUnitReportReporter -->
<testsuite hostname="DESKTOP-HMLGV3R" failures="0" tests="6" name="com.comcast.crm.Org.anotation.CreateOrgnizationTest" time="197.266" errors="0" timestamp="2024-08-09T00:02:24 IST" skipped="0">
  <testcase classname="com.comcast.crm.Org.anotation.CreateOrgnizationTest" name="CreateOrgTestwithphonenum" time="13.272"/>
  <system-out/>
  <testcase classname="com.comcast.crm.Org.anotation.CreateOrgnizationTest" name="CreateOrgTestwithphonenum" time="7.845"/>
  <system-out/>
  <testcase classname="com.comcast.crm.Org.anotation.CreateOrgnizationTest" name="createOrg" time="49.848"/>
  <system-out/>
  <testcase classname="com.comcast.crm.Org.anotation.CreateOrgnizationTest" name="CreateOrgTestwithIndustry" time="35.718"/>
  <system-out/>
  <testcase classname="com.comcast.crm.Org.anotation.CreateOrgnizationTest" name="CreateOrgTestwithIndustry" time="41.554"/>
  <system-out/>
  <testcase classname="com.comcast.crm.Org.anotation.CreateOrgnizationTest" name="createOrg" time="49.029"/>
  <system-out/>
</testsuite> <!-- com.comcast.crm.Org.anotation.CreateOrgnizationTest -->
