<?xml version="1.0" encoding="UTF-8"?>
<!-- Generated by org.testng.reporters.JUnitReportReporter -->
<testsuite hostname="DESKTOP-HMLGV3R" failures="0" tests="2" name="practice.testng.C" time="0.042" errors="0" timestamp="2024-08-03T10:35:55 IST" skipped="0">
  <testcase classname="practice.testng.C" name="CreateContacttest" time="0.012"/>
  <system-out/>
  <testcase classname="practice.testng.C" name="CreateContacttest" time="0.030"/>
  <system-out/>
</testsuite> <!-- practice.testng.C -->
