<?xml version="1.0" encoding="UTF-8"?>
<!-- Generated by org.testng.reporters.JUnitReportReporter -->
<testsuite hostname="DESKTOP-HMLGV3R" failures="0" tests="1" name="practice.testng.SampleTestForScreenshot" time="56.363" errors="0" timestamp="2024-08-05T16:41:30 IST" skipped="0">
  <testcase classname="practice.testng.SampleTestForScreenshot" name="amazonTest" time="56.363"/>
  <system-out/>
</testsuite> <!-- practice.testng.SampleTestForScreenshot -->
