<?xml version="1.0" encoding="UTF-8"?>
<!-- Generated by org.testng.reporters.JUnitReportReporter -->
<testsuite hostname="DESKTOP-HMLGV3R" failures="0" tests="3" name="practice.testng.ContactTest" time="0.039" errors="0" timestamp="2024-08-01T15:57:44 IST" skipped="0">
  <testcase classname="practice.testng.ContactTest" name="createContactTest" time="0.029"/>
  <system-out/>
  <testcase classname="practice.testng.ContactTest" name="modifyContactTest" time="0.004"/>
  <system-out/>
  <testcase classname="practice.testng.ContactTest" name="deleteContactTest" time="0.006"/>
  <system-out/>
</testsuite> <!-- practice.testng.ContactTest -->
