<?xml version="1.0" encoding="UTF-8"?>
<!-- Generated by org.testng.reporters.JUnitReportReporter -->
<testsuite hostname="DESKTOP-HMLGV3R" failures="0" tests="1" name="practice.testng.SampleReportTest" time="5.654" errors="0" timestamp="2024-08-08T11:50:23 IST" skipped="0">
  <testcase classname="practice.testng.SampleReportTest" name="createContact" time="5.654"/>
  <system-out/>
</testsuite> <!-- practice.testng.SampleReportTest -->
