<?xml version="1.0" encoding="UTF-8"?>
<!-- Generated by org.testng.reporters.JUnitReportReporter -->
<testsuite hostname="DESKTOP-HMLGV3R" failures="0" tests="3" name="practice.testng.GetProductInfoTest" time="82.495" errors="0" timestamp="2024-08-02T13:27:54 IST" skipped="0">
  <testcase classname="practice.testng.GetProductInfoTest" name="getProductInfotest" time="30.307"/>
  <system-out/>
  <testcase classname="practice.testng.GetProductInfoTest" name="getProductInfotest" time="17.756"/>
  <system-out/>
  <testcase classname="practice.testng.GetProductInfoTest" name="getProductInfotest" time="34.432"/>
  <system-out/>
</testsuite> <!-- practice.testng.GetProductInfoTest -->
